<?xml version="1.0" encoding="UTF-8"?>
<testsuite name="Weather Testing" tests="9" skipped="0" failures="0" errors="0" timestamp="2022-03-29T16:46:44" hostname="STH-C02Z40PCLVDT" time="3.782">
  <properties/>
  <testcase name="Validate weather details based on city and country" classname="Weather Testing" time="1.475"/>
  <testcase name="Validate weather details based on the valid city ID" classname="Weather Testing" time="0.289"/>
  <testcase name="Validate weather details based on the valid city latitude and longitude" classname="Weather Testing" time="0.354"/>
  <testcase name="Verify error on requesting weather details of city which does not exists in that country" classname="Weather Testing" time="0.265"/>
  <testcase name="Verify error on requesting weather details of city ID which is invalid" classname="Weather Testing" time="0.342"/>
  <testcase name="Validate error on requesting weather details based on the invalid latitude but with valid longitude" classname="Weather Testing" time="0.245"/>
  <testcase name="Validate error on requesting weather details based on the valid latitude but with invalid longitude" classname="Weather Testing" time="0.291"/>
  <testcase name="Validate error on requesting weather details based on the invalid string latitude and invalid String longitude" classname="Weather Testing" time="0.29"/>
  <testcase name="Validate error on requesting weather details based on the valid String latitude but with valid longitude" classname="Weather Testing" time="0.229"/>
  <system-out><![CDATA[{"stepDefinition":{"id":"6c2d5f55-5352-4484-802f-f1f19b6de09b","pattern":{"source":"User makes request to get weather details by {string} city and {string} country","type":"CUCUMBER_EXPRESSION"},"sourceReference":{"javaMethod":{"className":"stepdefinitions.Steps","methodName":"userMakesRequestToGetWeatherDetailsByCityAndCountry","methodParameterTypes":["java.lang.String","java.lang.String"]}}}}
{"stepDefinition":{"id":"0c6f17ce-fd36-4072-af5b-00d4c087a359","pattern":{"source":"Verify that the request is successful and verify the response body contains weather information specific to {string} city of {string} country","type":"CUCUMBER_EXPRESSION"},"sourceReference":{"javaMethod":{"className":"stepdefinitions.Steps","methodName":"verifyRequestWasSuccessfulAndVerifyTheResponseBody","methodParameterTypes":["java.lang.String","java.lang.String"]}}}}
{"stepDefinition":{"id":"768159e9-4db9-446e-80d7-c54649505821","pattern":{"source":"User makes request to get weather details by city ID {int}","type":"CUCUMBER_EXPRESSION"},"sourceReference":{"javaMethod":{"className":"stepdefinitions.Steps","methodName":"userMakesRequestToGetWeatherDetailsByCityID","methodParameterTypes":["int"]}}}}
{"stepDefinition":{"id":"c79ae567-4e68-47d5-bf3b-c97be3dcabb7","pattern":{"source":"Verify that the request is successful and verify the response body contains weather information specific to city having {int} ID","type":"CUCUMBER_EXPRESSION"},"sourceReference":{"javaMethod":{"className":"stepdefinitions.Steps","methodName":"verifySuccessfulRequestAndResponseSpecificToCityID","methodParameterTypes":["int"]}}}}
{"stepDefinition":{"id":"5a5ab540-4ea4-4d9b-aece-a9357fa161ea","pattern":{"source":"User makes request to get weather details by {string} latitude and {string} longitude","type":"CUCUMBER_EXPRESSION"},"sourceReference":{"javaMethod":{"className":"stepdefinitions.Steps","methodName":"userMakesRequestToGetWeatherDetailsByLatitudeAndLongitude","methodParameterTypes":["java.lang.String","java.lang.String"]}}}}
{"stepDefinition":{"id":"36d55e77-01d5-4ecb-917b-17caca84824c","pattern":{"source":"Verify that the request is successful and verify the response body contains weather information specific to {double} latitude and {double} longitude","type":"CUCUMBER_EXPRESSION"},"sourceReference":{"javaMethod":{"className":"stepdefinitions.Steps","methodName":"verifyRequestIsSuccessfulAndResponseContainsInformationSpecificToLatitudeAndLongitude","methodParameterTypes":["double","double"]}}}}
{"stepDefinition":{"id":"05191e6a-965f-45e6-a90a-680170b6f0a7","pattern":{"source":"Verify request response code is {int} and contains {string} message","type":"CUCUMBER_EXPRESSION"},"sourceReference":{"javaMethod":{"className":"stepdefinitions.Steps","methodName":"verifyRequestResponseCodeAndContainsMessage","methodParameterTypes":["int","java.lang.String"]}}}}
{"testCase":{"id":"08816d6c-ea84-4360-a94f-8f6e0113c2bc","pickleId":"ff8d0689-2f31-4970-8c8a-3cbfe9973170","testSteps":[{"id":"708ddbd7-a8d7-4b8d-a69c-15d5262ca09f","pickleStepId":"3dfb38f0-1d90-481f-92cb-b938043bc173","stepDefinitionIds":["6c2d5f55-5352-4484-802f-f1f19b6de09b"],"stepMatchArgumentsLists":[{"stepMatchArguments":[{"group":{"children":[{"children":[{"children":[],"start":-1}],"start":46,"value":"London"},{"children":[{"children":[],"start":-1}],"start":-1}],"start":45,"value":"\"London\""},"parameterTypeName":"string"},{"group":{"children":[{"children":[{"children":[],"start":-1}],"start":64,"value":"UK"},{"children":[{"children":[],"start":-1}],"start":-1}],"start":63,"value":"\"UK\""},"parameterTypeName":"string"}]}]},{"id":"9b51146a-df3e-4320-ae70-ef6997c532bc","pickleStepId":"91ce1ca5-20cd-44c5-aa12-12a3b59cf7d9","stepDefinitionIds":["0c6f17ce-fd36-4072-af5b-00d4c087a359"],"stepMatchArgumentsLists":[{"stepMatchArguments":[{"group":{"children":[{"children":[{"children":[],"start":-1}],"start":109,"value":"London"},{"children":[{"children":[],"start":-1}],"start":-1}],"start":108,"value":"\"London\""},"parameterTypeName":"string"},{"group":{"children":[{"children":[{"children":[],"start":-1}],"start":126,"value":"United Kingdom"},{"children":[{"children":[],"start":-1}],"start":-1}],"start":125,"value":"\"United Kingdom\""},"parameterTypeName":"string"}]}]}]}}
{"testCaseStarted":{"attempt":0,"id":"b52997a3-ecf4-4cb1-a528-5607bf071916","testCaseId":"08816d6c-ea84-4360-a94f-8f6e0113c2bc","timestamp":{"seconds":1648572404,"nanos":482410000}}}
{"testStepStarted":{"testCaseStartedId":"b52997a3-ecf4-4cb1-a528-5607bf071916","testStepId":"708ddbd7-a8d7-4b8d-a69c-15d5262ca09f","timestamp":{"seconds":1648572404,"nanos":483990000}}}
{"testStepFinished":{"testCaseStartedId":"b52997a3-ecf4-4cb1-a528-5607bf071916","testStepId":"708ddbd7-a8d7-4b8d-a69c-15d5262ca09f","testStepResult":{"duration":{"seconds":1,"nanos":267409000},"status":"PASSED"},"timestamp":{"seconds":1648572405,"nanos":751399000}}}
{"testStepStarted":{"testCaseStartedId":"b52997a3-ecf4-4cb1-a528-5607bf071916","testStepId":"9b51146a-df3e-4320-ae70-ef6997c532bc","timestamp":{"seconds":1648572405,"nanos":755491000}}}
{"testStepFinished":{"testCaseStartedId":"b52997a3-ecf4-4cb1-a528-5607bf071916","testStepId":"9b51146a-df3e-4320-ae70-ef6997c532bc","testStepResult":{"duration":{"seconds":0,"nanos":117323000},"status":"PASSED"},"timestamp":{"seconds":1648572405,"nanos":872814000}}}
{"testCaseFinished":{"testCaseStartedId":"b52997a3-ecf4-4cb1-a528-5607bf071916","timestamp":{"seconds":1648572405,"nanos":873218000},"willBeRetried":false}}
{"stepDefinition":{"id":"8a1523c8-639a-494d-9b0e-143899d3b7a4","pattern":{"source":"User makes request to get weather details by {string} city and {string} country","type":"CUCUMBER_EXPRESSION"},"sourceReference":{"javaMethod":{"className":"stepdefinitions.Steps","methodName":"userMakesRequestToGetWeatherDetailsByCityAndCountry","methodParameterTypes":["java.lang.String","java.lang.String"]}}}}
{"stepDefinition":{"id":"d94363d9-5674-4876-a2ab-a97eecf4ca9c","pattern":{"source":"Verify that the request is successful and verify the response body contains weather information specific to {string} city of {string} country","type":"CUCUMBER_EXPRESSION"},"sourceReference":{"javaMethod":{"className":"stepdefinitions.Steps","methodName":"verifyRequestWasSuccessfulAndVerifyTheResponseBody","methodParameterTypes":["java.lang.String","java.lang.String"]}}}}
{"stepDefinition":{"id":"2d5ee63e-0195-4e95-8536-0231cf76e2c7","pattern":{"source":"User makes request to get weather details by city ID {int}","type":"CUCUMBER_EXPRESSION"},"sourceReference":{"javaMethod":{"className":"stepdefinitions.Steps","methodName":"userMakesRequestToGetWeatherDetailsByCityID","methodParameterTypes":["int"]}}}}
{"stepDefinition":{"id":"a8f37922-779b-4880-847c-44487b9fcfd3","pattern":{"source":"Verify that the request is successful and verify the response body contains weather information specific to city having {int} ID","type":"CUCUMBER_EXPRESSION"},"sourceReference":{"javaMethod":{"className":"stepdefinitions.Steps","methodName":"verifySuccessfulRequestAndResponseSpecificToCityID","methodParameterTypes":["int"]}}}}
{"stepDefinition":{"id":"6c80850c-67f4-431d-a1a5-fdc266411f77","pattern":{"source":"User makes request to get weather details by {string} latitude and {string} longitude","type":"CUCUMBER_EXPRESSION"},"sourceReference":{"javaMethod":{"className":"stepdefinitions.Steps","methodName":"userMakesRequestToGetWeatherDetailsByLatitudeAndLongitude","methodParameterTypes":["java.lang.String","java.lang.String"]}}}}
{"stepDefinition":{"id":"44fb975f-306c-44fe-8b74-7831fbe3d765","pattern":{"source":"Verify that the request is successful and verify the response body contains weather information specific to {double} latitude and {double} longitude","type":"CUCUMBER_EXPRESSION"},"sourceReference":{"javaMethod":{"className":"stepdefinitions.Steps","methodName":"verifyRequestIsSuccessfulAndResponseContainsInformationSpecificToLatitudeAndLongitude","methodParameterTypes":["double","double"]}}}}
{"stepDefinition":{"id":"478af972-0b68-4a68-9edf-83fb0108a07a","pattern":{"source":"Verify request response code is {int} and contains {string} message","type":"CUCUMBER_EXPRESSION"},"sourceReference":{"javaMethod":{"className":"stepdefinitions.Steps","methodName":"verifyRequestResponseCodeAndContainsMessage","methodParameterTypes":["int","java.lang.String"]}}}}
{"testCase":{"id":"1b20733c-2852-415b-85ef-2beb50ba99d2","pickleId":"63de7caf-0415-494c-9472-302844cc782d","testSteps":[{"id":"a7b2fc7a-7681-4b5f-8d4d-fd4cc22dc075","pickleStepId":"c3db3f93-ef3d-41bf-bbb6-6f37ead63c11","stepDefinitionIds":["2d5ee63e-0195-4e95-8536-0231cf76e2c7"],"stepMatchArgumentsLists":[{"stepMatchArguments":[{"group":{"children":[],"start":53,"value":"2172797"},"parameterTypeName":"int"}]}]},{"id":"6f11766e-15cd-4f0a-834d-eaf432244c24","pickleStepId":"630a74f4-4eba-451f-a152-240452f060a1","stepDefinitionIds":["a8f37922-779b-4880-847c-44487b9fcfd3"],"stepMatchArgumentsLists":[{"stepMatchArguments":[{"group":{"children":[],"start":120,"value":"2172797"},"parameterTypeName":"int"}]}]}]}}
{"testCaseStarted":{"attempt":0,"id":"4672b962-71b5-46ae-aa22-b40784c65979","testCaseId":"1b20733c-2852-415b-85ef-2beb50ba99d2","timestamp":{"seconds":1648572405,"nanos":893310000}}}
{"testStepStarted":{"testCaseStartedId":"4672b962-71b5-46ae-aa22-b40784c65979","testStepId":"a7b2fc7a-7681-4b5f-8d4d-fd4cc22dc075","timestamp":{"seconds":1648572405,"nanos":894280000}}}
jhjhjhj
{"testStepFinished":{"testCaseStartedId":"4672b962-71b5-46ae-aa22-b40784c65979","testStepId":"a7b2fc7a-7681-4b5f-8d4d-fd4cc22dc075","testStepResult":{"duration":{"seconds":0,"nanos":263761000},"status":"PASSED"},"timestamp":{"seconds":1648572406,"nanos":158041000}}}
{"testStepStarted":{"testCaseStartedId":"4672b962-71b5-46ae-aa22-b40784c65979","testStepId":"6f11766e-15cd-4f0a-834d-eaf432244c24","timestamp":{"seconds":1648572406,"nanos":158545000}}}
{"testStepFinished":{"testCaseStartedId":"4672b962-71b5-46ae-aa22-b40784c65979","testStepId":"6f11766e-15cd-4f0a-834d-eaf432244c24","testStepResult":{"duration":{"seconds":0,"nanos":7620000},"status":"PASSED"},"timestamp":{"seconds":1648572406,"nanos":166165000}}}
{"testCaseFinished":{"testCaseStartedId":"4672b962-71b5-46ae-aa22-b40784c65979","timestamp":{"seconds":1648572406,"nanos":166510000},"willBeRetried":false}}
{"stepDefinition":{"id":"0ce4c6d1-b73e-47e2-9b0b-9f1d8ce57fd6","pattern":{"source":"User makes request to get weather details by {string} city and {string} country","type":"CUCUMBER_EXPRESSION"},"sourceReference":{"javaMethod":{"className":"stepdefinitions.Steps","methodName":"userMakesRequestToGetWeatherDetailsByCityAndCountry","methodParameterTypes":["java.lang.String","java.lang.String"]}}}}
{"stepDefinition":{"id":"566cc717-2e8e-454d-a73b-036d47a170ee","pattern":{"source":"Verify that the request is successful and verify the response body contains weather information specific to {string} city of {string} country","type":"CUCUMBER_EXPRESSION"},"sourceReference":{"javaMethod":{"className":"stepdefinitions.Steps","methodName":"verifyRequestWasSuccessfulAndVerifyTheResponseBody","methodParameterTypes":["java.lang.String","java.lang.String"]}}}}
{"stepDefinition":{"id":"51006dd9-87d3-4b10-b484-966cdfa01d14","pattern":{"source":"User makes request to get weather details by city ID {int}","type":"CUCUMBER_EXPRESSION"},"sourceReference":{"javaMethod":{"className":"stepdefinitions.Steps","methodName":"userMakesRequestToGetWeatherDetailsByCityID","methodParameterTypes":["int"]}}}}
{"stepDefinition":{"id":"da1d2e1a-b94e-45e7-bfd5-e05f057f92d3","pattern":{"source":"Verify that the request is successful and verify the response body contains weather information specific to city having {int} ID","type":"CUCUMBER_EXPRESSION"},"sourceReference":{"javaMethod":{"className":"stepdefinitions.Steps","methodName":"verifySuccessfulRequestAndResponseSpecificToCityID","methodParameterTypes":["int"]}}}}
{"stepDefinition":{"id":"a04f441f-5fc6-493d-9cb1-7ed6a9e6f150","pattern":{"source":"User makes request to get weather details by {string} latitude and {string} longitude","type":"CUCUMBER_EXPRESSION"},"sourceReference":{"javaMethod":{"className":"stepdefinitions.Steps","methodName":"userMakesRequestToGetWeatherDetailsByLatitudeAndLongitude","methodParameterTypes":["java.lang.String","java.lang.String"]}}}}
{"stepDefinition":{"id":"b295a6ad-28ed-4116-8d30-c049b3a60b62","pattern":{"source":"Verify that the request is successful and verify the response body contains weather information specific to {double} latitude and {double} longitude","type":"CUCUMBER_EXPRESSION"},"sourceReference":{"javaMethod":{"className":"stepdefinitions.Steps","methodName":"verifyRequestIsSuccessfulAndResponseContainsInformationSpecificToLatitudeAndLongitude","methodParameterTypes":["double","double"]}}}}
{"stepDefinition":{"id":"3e6eaee7-fd83-43ae-b8af-347c4bd58962","pattern":{"source":"Verify request response code is {int} and contains {string} message","type":"CUCUMBER_EXPRESSION"},"sourceReference":{"javaMethod":{"className":"stepdefinitions.Steps","methodName":"verifyRequestResponseCodeAndContainsMessage","methodParameterTypes":["int","java.lang.String"]}}}}
{"testCase":{"id":"db90530c-39ca-43c3-86f0-d0e532db6291","pickleId":"6f890f0d-3752-4a31-afa1-6c7129fdd793","testSteps":[{"id":"e36bffb9-1a23-4cee-9d95-1c3a547fe87f","pickleStepId":"f9693db1-ef3a-4dc2-90dc-610033c69d82","stepDefinitionIds":["a04f441f-5fc6-493d-9cb1-7ed6a9e6f150"],"stepMatchArgumentsLists":[{"stepMatchArguments":[{"group":{"children":[{"children":[{"children":[],"start":-1}],"start":46,"value":"35"},{"children":[{"children":[],"start":-1}],"start":-1}],"start":45,"value":"\"35\""},"parameterTypeName":"string"},{"group":{"children":[{"children":[{"children":[],"start":-1}],"start":64,"value":"109"},{"children":[{"children":[],"start":-1}],"start":-1}],"start":63,"value":"\"109\""},"parameterTypeName":"string"}]}]},{"id":"ef7f657f-f908-44cc-8182-00dd8e0d8bb9","pickleStepId":"9f7407c3-2d13-40ca-a3f4-e966e04078c9","stepDefinitionIds":["b295a6ad-28ed-4116-8d30-c049b3a60b62"],"stepMatchArgumentsLists":[{"stepMatchArguments":[{"group":{"children":[],"start":108,"value":"35"},"parameterTypeName":"double"},{"group":{"children":[],"start":124,"value":"109"},"parameterTypeName":"double"}]}]}]}}
{"testCaseStarted":{"attempt":0,"id":"861745ff-9ce0-40ce-a163-65f05c0f94d3","testCaseId":"db90530c-39ca-43c3-86f0-d0e532db6291","timestamp":{"seconds":1648572406,"nanos":181789000}}}
{"testStepStarted":{"testCaseStartedId":"861745ff-9ce0-40ce-a163-65f05c0f94d3","testStepId":"e36bffb9-1a23-4cee-9d95-1c3a547fe87f","timestamp":{"seconds":1648572406,"nanos":182117000}}}
{"testStepFinished":{"testCaseStartedId":"861745ff-9ce0-40ce-a163-65f05c0f94d3","testStepId":"e36bffb9-1a23-4cee-9d95-1c3a547fe87f","testStepResult":{"duration":{"seconds":0,"nanos":332154000},"status":"PASSED"},"timestamp":{"seconds":1648572406,"nanos":514271000}}}
{"testStepStarted":{"testCaseStartedId":"861745ff-9ce0-40ce-a163-65f05c0f94d3","testStepId":"ef7f657f-f908-44cc-8182-00dd8e0d8bb9","timestamp":{"seconds":1648572406,"nanos":514616000}}}
{"testStepFinished":{"testCaseStartedId":"861745ff-9ce0-40ce-a163-65f05c0f94d3","testStepId":"ef7f657f-f908-44cc-8182-00dd8e0d8bb9","testStepResult":{"duration":{"seconds":0,"nanos":5613000},"status":"PASSED"},"timestamp":{"seconds":1648572406,"nanos":520229000}}}
{"testCaseFinished":{"testCaseStartedId":"861745ff-9ce0-40ce-a163-65f05c0f94d3","timestamp":{"seconds":1648572406,"nanos":520560000},"willBeRetried":false}}
{"stepDefinition":{"id":"dd29aa23-50f6-41f4-b383-084be2560554","pattern":{"source":"User makes request to get weather details by {string} city and {string} country","type":"CUCUMBER_EXPRESSION"},"sourceReference":{"javaMethod":{"className":"stepdefinitions.Steps","methodName":"userMakesRequestToGetWeatherDetailsByCityAndCountry","methodParameterTypes":["java.lang.String","java.lang.String"]}}}}
{"stepDefinition":{"id":"2268e318-5852-4ea2-9814-e34834111514","pattern":{"source":"Verify that the request is successful and verify the response body contains weather information specific to {string} city of {string} country","type":"CUCUMBER_EXPRESSION"},"sourceReference":{"javaMethod":{"className":"stepdefinitions.Steps","methodName":"verifyRequestWasSuccessfulAndVerifyTheResponseBody","methodParameterTypes":["java.lang.String","java.lang.String"]}}}}
{"stepDefinition":{"id":"44268ba4-0482-43cd-beaa-c374277efda2","pattern":{"source":"User makes request to get weather details by city ID {int}","type":"CUCUMBER_EXPRESSION"},"sourceReference":{"javaMethod":{"className":"stepdefinitions.Steps","methodName":"userMakesRequestToGetWeatherDetailsByCityID","methodParameterTypes":["int"]}}}}
{"stepDefinition":{"id":"ce4f8c3d-9919-47a8-b03f-382da9f5dae2","pattern":{"source":"Verify that the request is successful and verify the response body contains weather information specific to city having {int} ID","type":"CUCUMBER_EXPRESSION"},"sourceReference":{"javaMethod":{"className":"stepdefinitions.Steps","methodName":"verifySuccessfulRequestAndResponseSpecificToCityID","methodParameterTypes":["int"]}}}}
{"stepDefinition":{"id":"1f1c6be7-f704-46a8-9de8-f39a844be46f","pattern":{"source":"User makes request to get weather details by {string} latitude and {string} longitude","type":"CUCUMBER_EXPRESSION"},"sourceReference":{"javaMethod":{"className":"stepdefinitions.Steps","methodName":"userMakesRequestToGetWeatherDetailsByLatitudeAndLongitude","methodParameterTypes":["java.lang.String","java.lang.String"]}}}}
{"stepDefinition":{"id":"f8cd8a88-57f9-4395-9adf-2224a5e8ae06","pattern":{"source":"Verify that the request is successful and verify the response body contains weather information specific to {double} latitude and {double} longitude","type":"CUCUMBER_EXPRESSION"},"sourceReference":{"javaMethod":{"className":"stepdefinitions.Steps","methodName":"verifyRequestIsSuccessfulAndResponseContainsInformationSpecificToLatitudeAndLongitude","methodParameterTypes":["double","double"]}}}}
{"stepDefinition":{"id":"0e8d1644-fc93-4ecc-ac75-bf56bc31f60a","pattern":{"source":"Verify request response code is {int} and contains {string} message","type":"CUCUMBER_EXPRESSION"},"sourceReference":{"javaMethod":{"className":"stepdefinitions.Steps","methodName":"verifyRequestResponseCodeAndContainsMessage","methodParameterTypes":["int","java.lang.String"]}}}}
{"testCase":{"id":"aa02c546-3b6c-4904-8f4c-b045ecb29faa","pickleId":"4eb57ccf-540c-408e-900f-055d4a0fcacb","testSteps":[{"id":"c13e84ae-4bd1-4d20-8697-f7fc462e2169","pickleStepId":"266a6770-05d4-421a-aca2-9d23e5fb846e","stepDefinitionIds":["dd29aa23-50f6-41f4-b383-084be2560554"],"stepMatchArgumentsLists":[{"stepMatchArguments":[{"group":{"children":[{"children":[{"children":[],"start":-1}],"start":46,"value":"Stockholm"},{"children":[{"children":[],"start":-1}],"start":-1}],"start":45,"value":"\"Stockholm\""},"parameterTypeName":"string"},{"group":{"children":[{"children":[{"children":[],"start":-1}],"start":67,"value":"UK"},{"children":[{"children":[],"start":-1}],"start":-1}],"start":66,"value":"\"UK\""},"parameterTypeName":"string"}]}]},{"id":"7cc20162-654f-4655-8d75-63df89e84a93","pickleStepId":"1227be02-ec55-42b0-9ef0-23885c8047b7","stepDefinitionIds":["0e8d1644-fc93-4ecc-ac75-bf56bc31f60a"],"stepMatchArgumentsLists":[{"stepMatchArguments":[{"group":{"children":[],"start":32,"value":"404"},"parameterTypeName":"int"},{"group":{"children":[{"children":[{"children":[],"start":-1}],"start":50,"value":"city not found"},{"children":[{"children":[],"start":-1}],"start":-1}],"start":49,"value":"\"city not found\""},"parameterTypeName":"string"}]}]}]}}
{"testCaseStarted":{"attempt":0,"id":"5726dbcb-6a94-45af-9324-f13e34f982ba","testCaseId":"aa02c546-3b6c-4904-8f4c-b045ecb29faa","timestamp":{"seconds":1648572406,"nanos":528736000}}}
{"testStepStarted":{"testCaseStartedId":"5726dbcb-6a94-45af-9324-f13e34f982ba","testStepId":"c13e84ae-4bd1-4d20-8697-f7fc462e2169","timestamp":{"seconds":1648572406,"nanos":529133000}}}
{"testStepFinished":{"testCaseStartedId":"5726dbcb-6a94-45af-9324-f13e34f982ba","testStepId":"c13e84ae-4bd1-4d20-8697-f7fc462e2169","testStepResult":{"duration":{"seconds":0,"nanos":249133000},"status":"PASSED"},"timestamp":{"seconds":1648572406,"nanos":778266000}}}
{"testStepStarted":{"testCaseStartedId":"5726dbcb-6a94-45af-9324-f13e34f982ba","testStepId":"7cc20162-654f-4655-8d75-63df89e84a93","timestamp":{"seconds":1648572406,"nanos":778670000}}}
{"testStepFinished":{"testCaseStartedId":"5726dbcb-6a94-45af-9324-f13e34f982ba","testStepId":"7cc20162-654f-4655-8d75-63df89e84a93","testStepResult":{"duration":{"seconds":0,"nanos":5602000},"status":"PASSED"},"timestamp":{"seconds":1648572406,"nanos":784272000}}}
{"testCaseFinished":{"testCaseStartedId":"5726dbcb-6a94-45af-9324-f13e34f982ba","timestamp":{"seconds":1648572406,"nanos":785646000},"willBeRetried":false}}
{"stepDefinition":{"id":"6a833bcf-8683-428c-b702-75463719e0c4","pattern":{"source":"User makes request to get weather details by {string} city and {string} country","type":"CUCUMBER_EXPRESSION"},"sourceReference":{"javaMethod":{"className":"stepdefinitions.Steps","methodName":"userMakesRequestToGetWeatherDetailsByCityAndCountry","methodParameterTypes":["java.lang.String","java.lang.String"]}}}}
{"stepDefinition":{"id":"bf170740-6f69-48a1-b72a-032aeec092f5","pattern":{"source":"Verify that the request is successful and verify the response body contains weather information specific to {string} city of {string} country","type":"CUCUMBER_EXPRESSION"},"sourceReference":{"javaMethod":{"className":"stepdefinitions.Steps","methodName":"verifyRequestWasSuccessfulAndVerifyTheResponseBody","methodParameterTypes":["java.lang.String","java.lang.String"]}}}}
{"stepDefinition":{"id":"729a2f81-7cfb-4dc7-85cb-4ea92a1b078b","pattern":{"source":"User makes request to get weather details by city ID {int}","type":"CUCUMBER_EXPRESSION"},"sourceReference":{"javaMethod":{"className":"stepdefinitions.Steps","methodName":"userMakesRequestToGetWeatherDetailsByCityID","methodParameterTypes":["int"]}}}}
{"stepDefinition":{"id":"02cfebdd-1ba0-48b5-ac08-9d77581fee0d","pattern":{"source":"Verify that the request is successful and verify the response body contains weather information specific to city having {int} ID","type":"CUCUMBER_EXPRESSION"},"sourceReference":{"javaMethod":{"className":"stepdefinitions.Steps","methodName":"verifySuccessfulRequestAndResponseSpecificToCityID","methodParameterTypes":["int"]}}}}
{"stepDefinition":{"id":"2e1f4f61-9f72-4202-afa5-bc5f8476759a","pattern":{"source":"User makes request to get weather details by {string} latitude and {string} longitude","type":"CUCUMBER_EXPRESSION"},"sourceReference":{"javaMethod":{"className":"stepdefinitions.Steps","methodName":"userMakesRequestToGetWeatherDetailsByLatitudeAndLongitude","methodParameterTypes":["java.lang.String","java.lang.String"]}}}}
{"stepDefinition":{"id":"d93a29ec-3605-4dcf-b321-2dbb9748fe42","pattern":{"source":"Verify that the request is successful and verify the response body contains weather information specific to {double} latitude and {double} longitude","type":"CUCUMBER_EXPRESSION"},"sourceReference":{"javaMethod":{"className":"stepdefinitions.Steps","methodName":"verifyRequestIsSuccessfulAndResponseContainsInformationSpecificToLatitudeAndLongitude","methodParameterTypes":["double","double"]}}}}
{"stepDefinition":{"id":"884eacf4-c11f-490e-a255-409dbf91df13","pattern":{"source":"Verify request response code is {int} and contains {string} message","type":"CUCUMBER_EXPRESSION"},"sourceReference":{"javaMethod":{"className":"stepdefinitions.Steps","methodName":"verifyRequestResponseCodeAndContainsMessage","methodParameterTypes":["int","java.lang.String"]}}}}
{"testCase":{"id":"40ae363f-32b8-4e12-8d43-728d62f1be83","pickleId":"5214f8a4-a430-4edb-a150-08ddea1d4fa8","testSteps":[{"id":"acedb742-ffc0-48ae-ba18-41cbe535cc00","pickleStepId":"af013720-2bc9-4843-891d-18631bb69a6b","stepDefinitionIds":["729a2f81-7cfb-4dc7-85cb-4ea92a1b078b"],"stepMatchArgumentsLists":[{"stepMatchArguments":[{"group":{"children":[],"start":53,"value":"8787"},"parameterTypeName":"int"}]}]},{"id":"2dab0483-8589-447c-87a1-0fd764694624","pickleStepId":"c1ac5ae5-d36b-4f1e-8493-2f8f8517a797","stepDefinitionIds":["884eacf4-c11f-490e-a255-409dbf91df13"],"stepMatchArgumentsLists":[{"stepMatchArguments":[{"group":{"children":[],"start":32,"value":"404"},"parameterTypeName":"int"},{"group":{"children":[{"children":[{"children":[],"start":-1}],"start":50,"value":"city not found"},{"children":[{"children":[],"start":-1}],"start":-1}],"start":49,"value":"\"city not found\""},"parameterTypeName":"string"}]}]}]}}
{"testCaseStarted":{"attempt":0,"id":"e2fe9441-a0dd-42ab-9a51-48e128e1e602","testCaseId":"40ae363f-32b8-4e12-8d43-728d62f1be83","timestamp":{"seconds":1648572406,"nanos":791012000}}}
{"testStepStarted":{"testCaseStartedId":"e2fe9441-a0dd-42ab-9a51-48e128e1e602","testStepId":"acedb742-ffc0-48ae-ba18-41cbe535cc00","timestamp":{"seconds":1648572406,"nanos":791306000}}}
jhjhjhj
{"testStepFinished":{"testCaseStartedId":"e2fe9441-a0dd-42ab-9a51-48e128e1e602","testStepId":"acedb742-ffc0-48ae-ba18-41cbe535cc00","testStepResult":{"duration":{"seconds":0,"nanos":332150000},"status":"PASSED"},"timestamp":{"seconds":1648572407,"nanos":123456000}}}
{"testStepStarted":{"testCaseStartedId":"e2fe9441-a0dd-42ab-9a51-48e128e1e602","testStepId":"2dab0483-8589-447c-87a1-0fd764694624","timestamp":{"seconds":1648572407,"nanos":123979000}}}
{"testStepFinished":{"testCaseStartedId":"e2fe9441-a0dd-42ab-9a51-48e128e1e602","testStepId":"2dab0483-8589-447c-87a1-0fd764694624","testStepResult":{"duration":{"seconds":0,"nanos":3202000},"status":"PASSED"},"timestamp":{"seconds":1648572407,"nanos":127181000}}}
{"testCaseFinished":{"testCaseStartedId":"e2fe9441-a0dd-42ab-9a51-48e128e1e602","timestamp":{"seconds":1648572407,"nanos":127660000},"willBeRetried":false}}
{"stepDefinition":{"id":"ccae1301-8cdf-462c-a078-55e8e6fea5f5","pattern":{"source":"User makes request to get weather details by {string} city and {string} country","type":"CUCUMBER_EXPRESSION"},"sourceReference":{"javaMethod":{"className":"stepdefinitions.Steps","methodName":"userMakesRequestToGetWeatherDetailsByCityAndCountry","methodParameterTypes":["java.lang.String","java.lang.String"]}}}}
{"stepDefinition":{"id":"3389901a-26b4-4c08-9c7c-cfe7209dc44c","pattern":{"source":"Verify that the request is successful and verify the response body contains weather information specific to {string} city of {string} country","type":"CUCUMBER_EXPRESSION"},"sourceReference":{"javaMethod":{"className":"stepdefinitions.Steps","methodName":"verifyRequestWasSuccessfulAndVerifyTheResponseBody","methodParameterTypes":["java.lang.String","java.lang.String"]}}}}
{"stepDefinition":{"id":"cac349a6-68a1-450c-9ac6-6a9a6d732317","pattern":{"source":"User makes request to get weather details by city ID {int}","type":"CUCUMBER_EXPRESSION"},"sourceReference":{"javaMethod":{"className":"stepdefinitions.Steps","methodName":"userMakesRequestToGetWeatherDetailsByCityID","methodParameterTypes":["int"]}}}}
{"stepDefinition":{"id":"56faacaf-e041-4804-a8ef-828e005a1b42","pattern":{"source":"Verify that the request is successful and verify the response body contains weather information specific to city having {int} ID","type":"CUCUMBER_EXPRESSION"},"sourceReference":{"javaMethod":{"className":"stepdefinitions.Steps","methodName":"verifySuccessfulRequestAndResponseSpecificToCityID","methodParameterTypes":["int"]}}}}
{"stepDefinition":{"id":"779d90bf-e4b1-4693-b555-a161340bc98e","pattern":{"source":"User makes request to get weather details by {string} latitude and {string} longitude","type":"CUCUMBER_EXPRESSION"},"sourceReference":{"javaMethod":{"className":"stepdefinitions.Steps","methodName":"userMakesRequestToGetWeatherDetailsByLatitudeAndLongitude","methodParameterTypes":["java.lang.String","java.lang.String"]}}}}
{"stepDefinition":{"id":"41dfb323-a975-4ce2-9d04-50492a776cee","pattern":{"source":"Verify that the request is successful and verify the response body contains weather information specific to {double} latitude and {double} longitude","type":"CUCUMBER_EXPRESSION"},"sourceReference":{"javaMethod":{"className":"stepdefinitions.Steps","methodName":"verifyRequestIsSuccessfulAndResponseContainsInformationSpecificToLatitudeAndLongitude","methodParameterTypes":["double","double"]}}}}
{"stepDefinition":{"id":"209c4a40-1270-4c21-a203-a7335e8136ba","pattern":{"source":"Verify request response code is {int} and contains {string} message","type":"CUCUMBER_EXPRESSION"},"sourceReference":{"javaMethod":{"className":"stepdefinitions.Steps","methodName":"verifyRequestResponseCodeAndContainsMessage","methodParameterTypes":["int","java.lang.String"]}}}}
{"testCase":{"id":"21e339db-246e-4ad0-add3-eacb88ed90c5","pickleId":"3f2d7d42-95ac-48e9-b0e2-51694b6a3150","testSteps":[{"id":"49b19c4a-7694-4f53-b66a-e154b58e80dd","pickleStepId":"3655bb45-3f1e-41c7-bc22-3ce2c84d87d7","stepDefinitionIds":["779d90bf-e4b1-4693-b555-a161340bc98e"],"stepMatchArgumentsLists":[{"stepMatchArguments":[{"group":{"children":[{"children":[{"children":[],"start":-1}],"start":46,"value":"367675"},{"children":[{"children":[],"start":-1}],"start":-1}],"start":45,"value":"\"367675\""},"parameterTypeName":"string"},{"group":{"children":[{"children":[{"children":[],"start":-1}],"start":68,"value":"109"},{"children":[{"children":[],"start":-1}],"start":-1}],"start":67,"value":"\"109\""},"parameterTypeName":"string"}]}]},{"id":"1a3fb549-78e4-4796-bc91-96a7f28074e6","pickleStepId":"b42160e2-880f-4282-ac1f-98e99443a8ae","stepDefinitionIds":["209c4a40-1270-4c21-a203-a7335e8136ba"],"stepMatchArgumentsLists":[{"stepMatchArguments":[{"group":{"children":[],"start":32,"value":"400"},"parameterTypeName":"int"},{"group":{"children":[{"children":[{"children":[],"start":-1}],"start":50,"value":"wrong latitude"},{"children":[{"children":[],"start":-1}],"start":-1}],"start":49,"value":"\"wrong latitude\""},"parameterTypeName":"string"}]}]}]}}
{"testCaseStarted":{"attempt":0,"id":"58e17855-305b-4521-907c-d131f1ef2b25","testCaseId":"21e339db-246e-4ad0-add3-eacb88ed90c5","timestamp":{"seconds":1648572407,"nanos":135568000}}}
{"testStepStarted":{"testCaseStartedId":"58e17855-305b-4521-907c-d131f1ef2b25","testStepId":"49b19c4a-7694-4f53-b66a-e154b58e80dd","timestamp":{"seconds":1648572407,"nanos":136460000}}}
{"testStepFinished":{"testCaseStartedId":"58e17855-305b-4521-907c-d131f1ef2b25","testStepId":"49b19c4a-7694-4f53-b66a-e154b58e80dd","testStepResult":{"duration":{"seconds":0,"nanos":233804000},"status":"PASSED"},"timestamp":{"seconds":1648572407,"nanos":370264000}}}
{"testStepStarted":{"testCaseStartedId":"58e17855-305b-4521-907c-d131f1ef2b25","testStepId":"1a3fb549-78e4-4796-bc91-96a7f28074e6","timestamp":{"seconds":1648572407,"nanos":370548000}}}
{"testStepFinished":{"testCaseStartedId":"58e17855-305b-4521-907c-d131f1ef2b25","testStepId":"1a3fb549-78e4-4796-bc91-96a7f28074e6","testStepResult":{"duration":{"seconds":0,"nanos":1678000},"status":"PASSED"},"timestamp":{"seconds":1648572407,"nanos":372226000}}}
{"testCaseFinished":{"testCaseStartedId":"58e17855-305b-4521-907c-d131f1ef2b25","timestamp":{"seconds":1648572407,"nanos":372605000},"willBeRetried":false}}
{"stepDefinition":{"id":"57c7c595-d646-4567-b132-5cf7db9bd752","pattern":{"source":"User makes request to get weather details by {string} city and {string} country","type":"CUCUMBER_EXPRESSION"},"sourceReference":{"javaMethod":{"className":"stepdefinitions.Steps","methodName":"userMakesRequestToGetWeatherDetailsByCityAndCountry","methodParameterTypes":["java.lang.String","java.lang.String"]}}}}
{"stepDefinition":{"id":"ed5acbf3-cbb0-4ac7-96ec-a9607a50a348","pattern":{"source":"Verify that the request is successful and verify the response body contains weather information specific to {string} city of {string} country","type":"CUCUMBER_EXPRESSION"},"sourceReference":{"javaMethod":{"className":"stepdefinitions.Steps","methodName":"verifyRequestWasSuccessfulAndVerifyTheResponseBody","methodParameterTypes":["java.lang.String","java.lang.String"]}}}}
{"stepDefinition":{"id":"91fe05e4-e93f-4141-aaf0-57f86fef40b3","pattern":{"source":"User makes request to get weather details by city ID {int}","type":"CUCUMBER_EXPRESSION"},"sourceReference":{"javaMethod":{"className":"stepdefinitions.Steps","methodName":"userMakesRequestToGetWeatherDetailsByCityID","methodParameterTypes":["int"]}}}}
{"stepDefinition":{"id":"b06a4268-5083-4d72-996e-f6fad9d9af34","pattern":{"source":"Verify that the request is successful and verify the response body contains weather information specific to city having {int} ID","type":"CUCUMBER_EXPRESSION"},"sourceReference":{"javaMethod":{"className":"stepdefinitions.Steps","methodName":"verifySuccessfulRequestAndResponseSpecificToCityID","methodParameterTypes":["int"]}}}}
{"stepDefinition":{"id":"fa724ec3-72d7-48d9-b16f-4ebfdbfd38df","pattern":{"source":"User makes request to get weather details by {string} latitude and {string} longitude","type":"CUCUMBER_EXPRESSION"},"sourceReference":{"javaMethod":{"className":"stepdefinitions.Steps","methodName":"userMakesRequestToGetWeatherDetailsByLatitudeAndLongitude","methodParameterTypes":["java.lang.String","java.lang.String"]}}}}
{"stepDefinition":{"id":"ca33c504-1517-4142-a3c1-ae8997a07686","pattern":{"source":"Verify that the request is successful and verify the response body contains weather information specific to {double} latitude and {double} longitude","type":"CUCUMBER_EXPRESSION"},"sourceReference":{"javaMethod":{"className":"stepdefinitions.Steps","methodName":"verifyRequestIsSuccessfulAndResponseContainsInformationSpecificToLatitudeAndLongitude","methodParameterTypes":["double","double"]}}}}
{"stepDefinition":{"id":"6ca6be67-8781-413e-aceb-67d35552bad7","pattern":{"source":"Verify request response code is {int} and contains {string} message","type":"CUCUMBER_EXPRESSION"},"sourceReference":{"javaMethod":{"className":"stepdefinitions.Steps","methodName":"verifyRequestResponseCodeAndContainsMessage","methodParameterTypes":["int","java.lang.String"]}}}}
{"testCase":{"id":"d8c49bc6-6860-48d1-a867-d05f41f51ddd","pickleId":"f54ed92b-9b57-4f8a-a8fa-05ed51d9b380","testSteps":[{"id":"99c25652-59e6-43ab-91a8-2ed9285f1f53","pickleStepId":"f3a4bb66-c27b-4780-9025-a06d0e9f9e7d","stepDefinitionIds":["fa724ec3-72d7-48d9-b16f-4ebfdbfd38df"],"stepMatchArgumentsLists":[{"stepMatchArguments":[{"group":{"children":[{"children":[{"children":[],"start":-1}],"start":46,"value":"35"},{"children":[{"children":[],"start":-1}],"start":-1}],"start":45,"value":"\"35\""},"parameterTypeName":"string"},{"group":{"children":[{"children":[{"children":[],"start":-1}],"start":64,"value":"367675"},{"children":[{"children":[],"start":-1}],"start":-1}],"start":63,"value":"\"367675\""},"parameterTypeName":"string"}]}]},{"id":"305b1b5b-fd0f-4e4f-b222-99f30e31c375","pickleStepId":"e3323da5-3ced-4cb5-960f-ae1ed78eaee1","stepDefinitionIds":["6ca6be67-8781-413e-aceb-67d35552bad7"],"stepMatchArgumentsLists":[{"stepMatchArguments":[{"group":{"children":[],"start":32,"value":"400"},"parameterTypeName":"int"},{"group":{"children":[{"children":[{"children":[],"start":-1}],"start":50,"value":"wrong longitude"},{"children":[{"children":[],"start":-1}],"start":-1}],"start":49,"value":"\"wrong longitude\""},"parameterTypeName":"string"}]}]}]}}
{"testCaseStarted":{"attempt":0,"id":"4b44ce91-e3a6-414d-9b19-117f6991ce5e","testCaseId":"d8c49bc6-6860-48d1-a867-d05f41f51ddd","timestamp":{"seconds":1648572407,"nanos":379199000}}}
{"testStepStarted":{"testCaseStartedId":"4b44ce91-e3a6-414d-9b19-117f6991ce5e","testStepId":"99c25652-59e6-43ab-91a8-2ed9285f1f53","timestamp":{"seconds":1648572407,"nanos":379540000}}}
{"testStepFinished":{"testCaseStartedId":"4b44ce91-e3a6-414d-9b19-117f6991ce5e","testStepId":"99c25652-59e6-43ab-91a8-2ed9285f1f53","testStepResult":{"duration":{"seconds":0,"nanos":282372000},"status":"PASSED"},"timestamp":{"seconds":1648572407,"nanos":661912000}}}
{"testStepStarted":{"testCaseStartedId":"4b44ce91-e3a6-414d-9b19-117f6991ce5e","testStepId":"305b1b5b-fd0f-4e4f-b222-99f30e31c375","timestamp":{"seconds":1648572407,"nanos":662198000}}}
{"testStepFinished":{"testCaseStartedId":"4b44ce91-e3a6-414d-9b19-117f6991ce5e","testStepId":"305b1b5b-fd0f-4e4f-b222-99f30e31c375","testStepResult":{"duration":{"seconds":0,"nanos":1079000},"status":"PASSED"},"timestamp":{"seconds":1648572407,"nanos":663277000}}}
{"testCaseFinished":{"testCaseStartedId":"4b44ce91-e3a6-414d-9b19-117f6991ce5e","timestamp":{"seconds":1648572407,"nanos":663586000},"willBeRetried":false}}
{"stepDefinition":{"id":"681ceef7-c81f-4ea7-8294-1bbd98a8baad","pattern":{"source":"User makes request to get weather details by {string} city and {string} country","type":"CUCUMBER_EXPRESSION"},"sourceReference":{"javaMethod":{"className":"stepdefinitions.Steps","methodName":"userMakesRequestToGetWeatherDetailsByCityAndCountry","methodParameterTypes":["java.lang.String","java.lang.String"]}}}}
{"stepDefinition":{"id":"d08ace53-651f-436d-bcca-7f2a645bc78f","pattern":{"source":"Verify that the request is successful and verify the response body contains weather information specific to {string} city of {string} country","type":"CUCUMBER_EXPRESSION"},"sourceReference":{"javaMethod":{"className":"stepdefinitions.Steps","methodName":"verifyRequestWasSuccessfulAndVerifyTheResponseBody","methodParameterTypes":["java.lang.String","java.lang.String"]}}}}
{"stepDefinition":{"id":"5a420a56-c57a-41ab-8c88-e43dd989e5dd","pattern":{"source":"User makes request to get weather details by city ID {int}","type":"CUCUMBER_EXPRESSION"},"sourceReference":{"javaMethod":{"className":"stepdefinitions.Steps","methodName":"userMakesRequestToGetWeatherDetailsByCityID","methodParameterTypes":["int"]}}}}
{"stepDefinition":{"id":"7a1362f2-8417-4bd8-916b-809e99369538","pattern":{"source":"Verify that the request is successful and verify the response body contains weather information specific to city having {int} ID","type":"CUCUMBER_EXPRESSION"},"sourceReference":{"javaMethod":{"className":"stepdefinitions.Steps","methodName":"verifySuccessfulRequestAndResponseSpecificToCityID","methodParameterTypes":["int"]}}}}
{"stepDefinition":{"id":"91f8b40c-4abc-4bf8-b877-6a0471d19f24","pattern":{"source":"User makes request to get weather details by {string} latitude and {string} longitude","type":"CUCUMBER_EXPRESSION"},"sourceReference":{"javaMethod":{"className":"stepdefinitions.Steps","methodName":"userMakesRequestToGetWeatherDetailsByLatitudeAndLongitude","methodParameterTypes":["java.lang.String","java.lang.String"]}}}}
{"stepDefinition":{"id":"7ed513a4-1fd4-4329-ad65-7da20d462aae","pattern":{"source":"Verify that the request is successful and verify the response body contains weather information specific to {double} latitude and {double} longitude","type":"CUCUMBER_EXPRESSION"},"sourceReference":{"javaMethod":{"className":"stepdefinitions.Steps","methodName":"verifyRequestIsSuccessfulAndResponseContainsInformationSpecificToLatitudeAndLongitude","methodParameterTypes":["double","double"]}}}}
{"stepDefinition":{"id":"ac750b8f-4c70-436b-82db-1b992169154c","pattern":{"source":"Verify request response code is {int} and contains {string} message","type":"CUCUMBER_EXPRESSION"},"sourceReference":{"javaMethod":{"className":"stepdefinitions.Steps","methodName":"verifyRequestResponseCodeAndContainsMessage","methodParameterTypes":["int","java.lang.String"]}}}}
{"testCase":{"id":"d03e1148-1f12-4027-b542-2ca13c0918da","pickleId":"f93ee6cc-4a1c-4d2c-bdec-ceae59f24c5f","testSteps":[{"id":"4e071100-0334-4957-821b-3804f9c5b4d3","pickleStepId":"375147af-e1a8-4b20-a7ca-b85560a2a70d","stepDefinitionIds":["91f8b40c-4abc-4bf8-b877-6a0471d19f24"],"stepMatchArgumentsLists":[{"stepMatchArguments":[{"group":{"children":[{"children":[{"children":[],"start":-1}],"start":46,"value":"3hj5"},{"children":[{"children":[],"start":-1}],"start":-1}],"start":45,"value":"\"3hj5\""},"parameterTypeName":"string"},{"group":{"children":[{"children":[{"children":[],"start":-1}],"start":66,"value":"367jk675"},{"children":[{"children":[],"start":-1}],"start":-1}],"start":65,"value":"\"367jk675\""},"parameterTypeName":"string"}]}]},{"id":"8cd86fa5-0282-47fb-98bf-f4e25e17f1fc","pickleStepId":"29b5a6ed-5225-4303-b815-44ee0110a7fd","stepDefinitionIds":["ac750b8f-4c70-436b-82db-1b992169154c"],"stepMatchArgumentsLists":[{"stepMatchArguments":[{"group":{"children":[],"start":32,"value":"400"},"parameterTypeName":"int"},{"group":{"children":[{"children":[{"children":[],"start":-1}],"start":50,"value":"wrong latitude"},{"children":[{"children":[],"start":-1}],"start":-1}],"start":49,"value":"\"wrong latitude\""},"parameterTypeName":"string"}]}]}]}}
{"testCaseStarted":{"attempt":0,"id":"982e6116-67fa-48b5-ba47-8143ef761c87","testCaseId":"d03e1148-1f12-4027-b542-2ca13c0918da","timestamp":{"seconds":1648572407,"nanos":669504000}}}
{"testStepStarted":{"testCaseStartedId":"982e6116-67fa-48b5-ba47-8143ef761c87","testStepId":"4e071100-0334-4957-821b-3804f9c5b4d3","timestamp":{"seconds":1648572407,"nanos":670481000}}}
{"testStepFinished":{"testCaseStartedId":"982e6116-67fa-48b5-ba47-8143ef761c87","testStepId":"4e071100-0334-4957-821b-3804f9c5b4d3","testStepResult":{"duration":{"seconds":0,"nanos":281021000},"status":"PASSED"},"timestamp":{"seconds":1648572407,"nanos":951502000}}}
{"testStepStarted":{"testCaseStartedId":"982e6116-67fa-48b5-ba47-8143ef761c87","testStepId":"8cd86fa5-0282-47fb-98bf-f4e25e17f1fc","timestamp":{"seconds":1648572407,"nanos":951812000}}}
{"testStepFinished":{"testCaseStartedId":"982e6116-67fa-48b5-ba47-8143ef761c87","testStepId":"8cd86fa5-0282-47fb-98bf-f4e25e17f1fc","testStepResult":{"duration":{"seconds":0,"nanos":1142000},"status":"PASSED"},"timestamp":{"seconds":1648572407,"nanos":952954000}}}
{"testCaseFinished":{"testCaseStartedId":"982e6116-67fa-48b5-ba47-8143ef761c87","timestamp":{"seconds":1648572407,"nanos":953268000},"willBeRetried":false}}
{"stepDefinition":{"id":"1b023526-67bd-4267-a274-ae5b7a12b1a7","pattern":{"source":"User makes request to get weather details by {string} city and {string} country","type":"CUCUMBER_EXPRESSION"},"sourceReference":{"javaMethod":{"className":"stepdefinitions.Steps","methodName":"userMakesRequestToGetWeatherDetailsByCityAndCountry","methodParameterTypes":["java.lang.String","java.lang.String"]}}}}
{"stepDefinition":{"id":"4a12e832-839f-443e-a8f7-2fe491fdb26e","pattern":{"source":"Verify that the request is successful and verify the response body contains weather information specific to {string} city of {string} country","type":"CUCUMBER_EXPRESSION"},"sourceReference":{"javaMethod":{"className":"stepdefinitions.Steps","methodName":"verifyRequestWasSuccessfulAndVerifyTheResponseBody","methodParameterTypes":["java.lang.String","java.lang.String"]}}}}
{"stepDefinition":{"id":"ec7f199e-e454-4666-be70-1e85fea1bf74","pattern":{"source":"User makes request to get weather details by city ID {int}","type":"CUCUMBER_EXPRESSION"},"sourceReference":{"javaMethod":{"className":"stepdefinitions.Steps","methodName":"userMakesRequestToGetWeatherDetailsByCityID","methodParameterTypes":["int"]}}}}
{"stepDefinition":{"id":"43c3d8a3-06b6-41bc-a385-ba93e1f94ff9","pattern":{"source":"Verify that the request is successful and verify the response body contains weather information specific to city having {int} ID","type":"CUCUMBER_EXPRESSION"},"sourceReference":{"javaMethod":{"className":"stepdefinitions.Steps","methodName":"verifySuccessfulRequestAndResponseSpecificToCityID","methodParameterTypes":["int"]}}}}
{"stepDefinition":{"id":"01bd14e0-5984-4baa-94c1-b197d0691e4b","pattern":{"source":"User makes request to get weather details by {string} latitude and {string} longitude","type":"CUCUMBER_EXPRESSION"},"sourceReference":{"javaMethod":{"className":"stepdefinitions.Steps","methodName":"userMakesRequestToGetWeatherDetailsByLatitudeAndLongitude","methodParameterTypes":["java.lang.String","java.lang.String"]}}}}
{"stepDefinition":{"id":"5d65819a-b2c3-4f74-9ffb-d8145d927b61","pattern":{"source":"Verify that the request is successful and verify the response body contains weather information specific to {double} latitude and {double} longitude","type":"CUCUMBER_EXPRESSION"},"sourceReference":{"javaMethod":{"className":"stepdefinitions.Steps","methodName":"verifyRequestIsSuccessfulAndResponseContainsInformationSpecificToLatitudeAndLongitude","methodParameterTypes":["double","double"]}}}}
{"stepDefinition":{"id":"88c11dee-b324-410e-80ba-ae343526000c","pattern":{"source":"Verify request response code is {int} and contains {string} message","type":"CUCUMBER_EXPRESSION"},"sourceReference":{"javaMethod":{"className":"stepdefinitions.Steps","methodName":"verifyRequestResponseCodeAndContainsMessage","methodParameterTypes":["int","java.lang.String"]}}}}
{"testCase":{"id":"e2e1c9f6-9ca8-4561-9ef4-a197f411361a","pickleId":"9bdf2121-73ac-4972-8e27-b07b8483b74a","testSteps":[{"id":"d702ab40-4e06-4872-843e-ff790094da4c","pickleStepId":"a5c64cbe-0a41-45ac-8217-eaf51433761f","stepDefinitionIds":["01bd14e0-5984-4baa-94c1-b197d0691e4b"],"stepMatchArgumentsLists":[{"stepMatchArguments":[{"group":{"children":[{"children":[{"children":[],"start":-1}],"start":46,"value":"35"},{"children":[{"children":[],"start":-1}],"start":-1}],"start":45,"value":"\"35\""},"parameterTypeName":"string"},{"group":{"children":[{"children":[{"children":[],"start":-1}],"start":64,"value":"367jk675"},{"children":[{"children":[],"start":-1}],"start":-1}],"start":63,"value":"\"367jk675\""},"parameterTypeName":"string"}]}]},{"id":"9a6b8439-1137-4d14-a94e-61d52efca931","pickleStepId":"cd5361ba-8fed-438a-8869-cf781508f7ba","stepDefinitionIds":["88c11dee-b324-410e-80ba-ae343526000c"],"stepMatchArgumentsLists":[{"stepMatchArguments":[{"group":{"children":[],"start":32,"value":"400"},"parameterTypeName":"int"},{"group":{"children":[{"children":[{"children":[],"start":-1}],"start":50,"value":"wrong longitude"},{"children":[{"children":[],"start":-1}],"start":-1}],"start":49,"value":"\"wrong longitude\""},"parameterTypeName":"string"}]}]}]}}
{"testCaseStarted":{"attempt":0,"id":"63c96ddc-2297-459e-8140-8d41fc238823","testCaseId":"e2e1c9f6-9ca8-4561-9ef4-a197f411361a","timestamp":{"seconds":1648572407,"nanos":958199000}}}
{"testStepStarted":{"testCaseStartedId":"63c96ddc-2297-459e-8140-8d41fc238823","testStepId":"d702ab40-4e06-4872-843e-ff790094da4c","timestamp":{"seconds":1648572407,"nanos":958385000}}}
{"testStepFinished":{"testCaseStartedId":"63c96ddc-2297-459e-8140-8d41fc238823","testStepId":"d702ab40-4e06-4872-843e-ff790094da4c","testStepResult":{"duration":{"seconds":0,"nanos":222998000},"status":"PASSED"},"timestamp":{"seconds":1648572408,"nanos":181383000}}}
{"testStepStarted":{"testCaseStartedId":"63c96ddc-2297-459e-8140-8d41fc238823","testStepId":"9a6b8439-1137-4d14-a94e-61d52efca931","timestamp":{"seconds":1648572408,"nanos":181820000}}}
{"testStepFinished":{"testCaseStartedId":"63c96ddc-2297-459e-8140-8d41fc238823","testStepId":"9a6b8439-1137-4d14-a94e-61d52efca931","testStepResult":{"duration":{"seconds":0,"nanos":909000},"status":"PASSED"},"timestamp":{"seconds":1648572408,"nanos":182729000}}}
{"testCaseFinished":{"testCaseStartedId":"63c96ddc-2297-459e-8140-8d41fc238823","timestamp":{"seconds":1648572408,"nanos":182904000},"willBeRetried":false}}
]]></system-out>
  <system-err><![CDATA[]]></system-err>
</testsuite>
