<?xml version="1.0" encoding="UTF-8"?>
<testsuite name="runner.CucumberTestsRunner" tests="0" skipped="0" failures="0" errors="0" timestamp="1970-01-01T00:00:00" hostname="STH-C02Z40PCLVDT" time="0.0">
  <properties/>
  <system-out><![CDATA[{"meta":{"protocolVersion":"17.1.1","implementation":{"name":"cucumber-jvm","version":"7.2.3"},"runtime":{"name":"OpenJDK 64-Bit Server VM","version":"11.0.9.1+11-b1145.77"},"os":{"name":"Mac OS X"},"cpu":{"name":"x86_64"}}}
{"testRunStarted":{"timestamp":{"seconds":1648572403,"nanos":929630000}}}
{"source":{"uri":"file:///Users/jatnag/Documents/LunarTest/src/test/resources/features/weathertest.feature","data":"Feature: Weather Testing\n\n  Scenario: Validate weather details based on city and country\n    When User makes request to get weather details by \"London\" city and \"UK\" country\n    Then Verify that the request is successful and verify the response body contains weather information specific to \"London\" city of \"United Kingdom\" country\n\n  Scenario: Validate weather details based on the valid city ID\n    When User makes request to get weather details by city ID 2172797\n    Then Verify that the request is successful and verify the response body contains weather information specific to city having 2172797 ID\n\n  Scenario: Validate weather details based on the valid city latitude and longitude\n    When User makes request to get weather details by \"35\" latitude and \"109\" longitude\n    Then Verify that the request is successful and verify the response body contains weather information specific to 35 latitude and 109 longitude\n\n  Scenario: Verify error on requesting weather details of city which does not exists in that country\n    When User makes request to get weather details by \"Stockholm\" city and \"UK\" country\n    Then Verify request response code is 404 and contains \"city not found\" message\n\n  Scenario: Verify error on requesting weather details of city ID which is invalid\n    When User makes request to get weather details by city ID 8787\n    Then Verify request response code is 404 and contains \"city not found\" message\n\n  Scenario: Validate error on requesting weather details based on the invalid latitude but with valid longitude\n    When User makes request to get weather details by \"367675\" latitude and \"109\" longitude\n    Then Verify request response code is 400 and contains \"wrong latitude\" message\n\n  Scenario: Validate error on requesting weather details based on the valid latitude but with invalid longitude\n    When User makes request to get weather details by \"35\" latitude and \"367675\" longitude\n    Then Verify request response code is 400 and contains \"wrong longitude\" message\n\n  Scenario: Validate error on requesting weather details based on the invalid string latitude and invalid String longitude\n    When User makes request to get weather details by \"3hj5\" latitude and \"367jk675\" longitude\n    Then Verify request response code is 400 and contains \"wrong latitude\" message\n\n  Scenario: Validate error on requesting weather details based on the valid String latitude but with valid longitude\n    When User makes request to get weather details by \"35\" latitude and \"367jk675\" longitude\n    Then Verify request response code is 400 and contains \"wrong longitude\" message\n\n#  Scenario: Validate all the weather details\n#    When User makes request to get weather details by \"London\" city and \"UK\" country\n#    Then Verify request is successful and verify the every field of response body\n\n\n","mediaType":"text/x.cucumber.gherkin+plain"}}
{"gherkinDocument":{"uri":"file:///Users/jatnag/Documents/LunarTest/src/test/resources/features/weathertest.feature","feature":{"location":{"line":1,"column":1},"tags":[],"language":"en","keyword":"Feature","name":"Weather Testing","description":"","children":[{"scenario":{"location":{"line":3,"column":3},"tags":[],"keyword":"Scenario","name":"Validate weather details based on city and country","description":"","steps":[{"location":{"line":4,"column":5},"keyword":"When ","text":"User makes request to get weather details by \"London\" city and \"UK\" country","id":"33cca7fb-142a-436b-af12-dd8563943664"},{"location":{"line":5,"column":5},"keyword":"Then ","text":"Verify that the request is successful and verify the response body contains weather information specific to \"London\" city of \"United Kingdom\" country","id":"f2bc7ca9-a9c3-4136-9f30-f8704ec7417c"}],"examples":[],"id":"cd22e33a-805b-41f1-8155-0c85cc59b03b"}},{"scenario":{"location":{"line":7,"column":3},"tags":[],"keyword":"Scenario","name":"Validate weather details based on the valid city ID","description":"","steps":[{"location":{"line":8,"column":5},"keyword":"When ","text":"User makes request to get weather details by city ID 2172797","id":"e84e927e-19d9-4a8c-91f3-0f79192e5a20"},{"location":{"line":9,"column":5},"keyword":"Then ","text":"Verify that the request is successful and verify the response body contains weather information specific to city having 2172797 ID","id":"a953c557-6d34-4137-805b-19c64b8a8746"}],"examples":[],"id":"4baf27ed-542b-48ed-9105-f377649de44c"}},{"scenario":{"location":{"line":11,"column":3},"tags":[],"keyword":"Scenario","name":"Validate weather details based on the valid city latitude and longitude","description":"","steps":[{"location":{"line":12,"column":5},"keyword":"When ","text":"User makes request to get weather details by \"35\" latitude and \"109\" longitude","id":"68b1b7dc-ba32-48f7-90e0-347c64148bc9"},{"location":{"line":13,"column":5},"keyword":"Then ","text":"Verify that the request is successful and verify the response body contains weather information specific to 35 latitude and 109 longitude","id":"990b266a-be2c-48e8-9459-7793326ccc13"}],"examples":[],"id":"7ffef33b-43d4-4a3e-b446-a380d8a4401e"}},{"scenario":{"location":{"line":15,"column":3},"tags":[],"keyword":"Scenario","name":"Verify error on requesting weather details of city which does not exists in that country","description":"","steps":[{"location":{"line":16,"column":5},"keyword":"When ","text":"User makes request to get weather details by \"Stockholm\" city and \"UK\" country","id":"47f9dce2-1771-4a18-9292-018c2d212b0c"},{"location":{"line":17,"column":5},"keyword":"Then ","text":"Verify request response code is 404 and contains \"city not found\" message","id":"957d8dc8-104e-4c0b-807e-98d62fd7f294"}],"examples":[],"id":"551a00b2-df9e-46a0-b274-7d4c2dd9c697"}},{"scenario":{"location":{"line":19,"column":3},"tags":[],"keyword":"Scenario","name":"Verify error on requesting weather details of city ID which is invalid","description":"","steps":[{"location":{"line":20,"column":5},"keyword":"When ","text":"User makes request to get weather details by city ID 8787","id":"96292c32-eb8f-47ed-be4c-e762a386b785"},{"location":{"line":21,"column":5},"keyword":"Then ","text":"Verify request response code is 404 and contains \"city not found\" message","id":"50a4907b-b370-4751-b036-0827645dfc10"}],"examples":[],"id":"a33b97b3-6db4-4346-a8d1-b93c92fa2f78"}},{"scenario":{"location":{"line":23,"column":3},"tags":[],"keyword":"Scenario","name":"Validate error on requesting weather details based on the invalid latitude but with valid longitude","description":"","steps":[{"location":{"line":24,"column":5},"keyword":"When ","text":"User makes request to get weather details by \"367675\" latitude and \"109\" longitude","id":"defd8443-6aab-419e-8000-415f3bb6cb62"},{"location":{"line":25,"column":5},"keyword":"Then ","text":"Verify request response code is 400 and contains \"wrong latitude\" message","id":"4b97947e-5b12-43ff-aa7e-437bc8cf38a6"}],"examples":[],"id":"9765f9da-4a39-4fa4-acd1-32f51d5cf3af"}},{"scenario":{"location":{"line":27,"column":3},"tags":[],"keyword":"Scenario","name":"Validate error on requesting weather details based on the valid latitude but with invalid longitude","description":"","steps":[{"location":{"line":28,"column":5},"keyword":"When ","text":"User makes request to get weather details by \"35\" latitude and \"367675\" longitude","id":"470e2d8c-7a36-4a74-b7d8-5e09f741bd05"},{"location":{"line":29,"column":5},"keyword":"Then ","text":"Verify request response code is 400 and contains \"wrong longitude\" message","id":"b05d330c-a916-4872-b2b9-15335a52a21e"}],"examples":[],"id":"71e9b795-ad40-43c9-8faa-015abaeee5c3"}},{"scenario":{"location":{"line":31,"column":3},"tags":[],"keyword":"Scenario","name":"Validate error on requesting weather details based on the invalid string latitude and invalid String longitude","description":"","steps":[{"location":{"line":32,"column":5},"keyword":"When ","text":"User makes request to get weather details by \"3hj5\" latitude and \"367jk675\" longitude","id":"75e213be-10dc-4ef0-8964-d10968ad79c4"},{"location":{"line":33,"column":5},"keyword":"Then ","text":"Verify request response code is 400 and contains \"wrong latitude\" message","id":"751d88f4-12a8-4f47-a867-0b13af4b5b61"}],"examples":[],"id":"959607f0-ae06-4e1f-970a-cfcc11e6a91e"}},{"scenario":{"location":{"line":35,"column":3},"tags":[],"keyword":"Scenario","name":"Validate error on requesting weather details based on the valid String latitude but with valid longitude","description":"","steps":[{"location":{"line":36,"column":5},"keyword":"When ","text":"User makes request to get weather details by \"35\" latitude and \"367jk675\" longitude","id":"1d7e3aa9-c3f5-48d3-ba2e-fe0581731e7f"},{"location":{"line":37,"column":5},"keyword":"Then ","text":"Verify request response code is 400 and contains \"wrong longitude\" message","id":"ff41a059-e22c-4456-98a5-981e07d117ed"}],"examples":[],"id":"daf4707f-4412-4d40-b1c0-a2cb0385ceb5"}}]},"comments":[{"location":{"line":39,"column":1},"text":"#  Scenario: Validate all the weather details"},{"location":{"line":40,"column":1},"text":"#    When User makes request to get weather details by \"London\" city and \"UK\" country"},{"location":{"line":41,"column":1},"text":"#    Then Verify request is successful and verify the every field of response body"}]}}
{"pickle":{"id":"ff8d0689-2f31-4970-8c8a-3cbfe9973170","uri":"file:///Users/jatnag/Documents/LunarTest/src/test/resources/features/weathertest.feature","name":"Validate weather details based on city and country","language":"en","steps":[{"astNodeIds":["33cca7fb-142a-436b-af12-dd8563943664"],"id":"3dfb38f0-1d90-481f-92cb-b938043bc173","text":"User makes request to get weather details by \"London\" city and \"UK\" country"},{"astNodeIds":["f2bc7ca9-a9c3-4136-9f30-f8704ec7417c"],"id":"91ce1ca5-20cd-44c5-aa12-12a3b59cf7d9","text":"Verify that the request is successful and verify the response body contains weather information specific to \"London\" city of \"United Kingdom\" country"}],"tags":[],"astNodeIds":["cd22e33a-805b-41f1-8155-0c85cc59b03b"]}}
{"pickle":{"id":"63de7caf-0415-494c-9472-302844cc782d","uri":"file:///Users/jatnag/Documents/LunarTest/src/test/resources/features/weathertest.feature","name":"Validate weather details based on the valid city ID","language":"en","steps":[{"astNodeIds":["e84e927e-19d9-4a8c-91f3-0f79192e5a20"],"id":"c3db3f93-ef3d-41bf-bbb6-6f37ead63c11","text":"User makes request to get weather details by city ID 2172797"},{"astNodeIds":["a953c557-6d34-4137-805b-19c64b8a8746"],"id":"630a74f4-4eba-451f-a152-240452f060a1","text":"Verify that the request is successful and verify the response body contains weather information specific to city having 2172797 ID"}],"tags":[],"astNodeIds":["4baf27ed-542b-48ed-9105-f377649de44c"]}}
{"pickle":{"id":"6f890f0d-3752-4a31-afa1-6c7129fdd793","uri":"file:///Users/jatnag/Documents/LunarTest/src/test/resources/features/weathertest.feature","name":"Validate weather details based on the valid city latitude and longitude","language":"en","steps":[{"astNodeIds":["68b1b7dc-ba32-48f7-90e0-347c64148bc9"],"id":"f9693db1-ef3a-4dc2-90dc-610033c69d82","text":"User makes request to get weather details by \"35\" latitude and \"109\" longitude"},{"astNodeIds":["990b266a-be2c-48e8-9459-7793326ccc13"],"id":"9f7407c3-2d13-40ca-a3f4-e966e04078c9","text":"Verify that the request is successful and verify the response body contains weather information specific to 35 latitude and 109 longitude"}],"tags":[],"astNodeIds":["7ffef33b-43d4-4a3e-b446-a380d8a4401e"]}}
{"pickle":{"id":"4eb57ccf-540c-408e-900f-055d4a0fcacb","uri":"file:///Users/jatnag/Documents/LunarTest/src/test/resources/features/weathertest.feature","name":"Verify error on requesting weather details of city which does not exists in that country","language":"en","steps":[{"astNodeIds":["47f9dce2-1771-4a18-9292-018c2d212b0c"],"id":"266a6770-05d4-421a-aca2-9d23e5fb846e","text":"User makes request to get weather details by \"Stockholm\" city and \"UK\" country"},{"astNodeIds":["957d8dc8-104e-4c0b-807e-98d62fd7f294"],"id":"1227be02-ec55-42b0-9ef0-23885c8047b7","text":"Verify request response code is 404 and contains \"city not found\" message"}],"tags":[],"astNodeIds":["551a00b2-df9e-46a0-b274-7d4c2dd9c697"]}}
{"pickle":{"id":"5214f8a4-a430-4edb-a150-08ddea1d4fa8","uri":"file:///Users/jatnag/Documents/LunarTest/src/test/resources/features/weathertest.feature","name":"Verify error on requesting weather details of city ID which is invalid","language":"en","steps":[{"astNodeIds":["96292c32-eb8f-47ed-be4c-e762a386b785"],"id":"af013720-2bc9-4843-891d-18631bb69a6b","text":"User makes request to get weather details by city ID 8787"},{"astNodeIds":["50a4907b-b370-4751-b036-0827645dfc10"],"id":"c1ac5ae5-d36b-4f1e-8493-2f8f8517a797","text":"Verify request response code is 404 and contains \"city not found\" message"}],"tags":[],"astNodeIds":["a33b97b3-6db4-4346-a8d1-b93c92fa2f78"]}}
{"pickle":{"id":"3f2d7d42-95ac-48e9-b0e2-51694b6a3150","uri":"file:///Users/jatnag/Documents/LunarTest/src/test/resources/features/weathertest.feature","name":"Validate error on requesting weather details based on the invalid latitude but with valid longitude","language":"en","steps":[{"astNodeIds":["defd8443-6aab-419e-8000-415f3bb6cb62"],"id":"3655bb45-3f1e-41c7-bc22-3ce2c84d87d7","text":"User makes request to get weather details by \"367675\" latitude and \"109\" longitude"},{"astNodeIds":["4b97947e-5b12-43ff-aa7e-437bc8cf38a6"],"id":"b42160e2-880f-4282-ac1f-98e99443a8ae","text":"Verify request response code is 400 and contains \"wrong latitude\" message"}],"tags":[],"astNodeIds":["9765f9da-4a39-4fa4-acd1-32f51d5cf3af"]}}
{"pickle":{"id":"f54ed92b-9b57-4f8a-a8fa-05ed51d9b380","uri":"file:///Users/jatnag/Documents/LunarTest/src/test/resources/features/weathertest.feature","name":"Validate error on requesting weather details based on the valid latitude but with invalid longitude","language":"en","steps":[{"astNodeIds":["470e2d8c-7a36-4a74-b7d8-5e09f741bd05"],"id":"f3a4bb66-c27b-4780-9025-a06d0e9f9e7d","text":"User makes request to get weather details by \"35\" latitude and \"367675\" longitude"},{"astNodeIds":["b05d330c-a916-4872-b2b9-15335a52a21e"],"id":"e3323da5-3ced-4cb5-960f-ae1ed78eaee1","text":"Verify request response code is 400 and contains \"wrong longitude\" message"}],"tags":[],"astNodeIds":["71e9b795-ad40-43c9-8faa-015abaeee5c3"]}}
{"pickle":{"id":"f93ee6cc-4a1c-4d2c-bdec-ceae59f24c5f","uri":"file:///Users/jatnag/Documents/LunarTest/src/test/resources/features/weathertest.feature","name":"Validate error on requesting weather details based on the invalid string latitude and invalid String longitude","language":"en","steps":[{"astNodeIds":["75e213be-10dc-4ef0-8964-d10968ad79c4"],"id":"375147af-e1a8-4b20-a7ca-b85560a2a70d","text":"User makes request to get weather details by \"3hj5\" latitude and \"367jk675\" longitude"},{"astNodeIds":["751d88f4-12a8-4f47-a867-0b13af4b5b61"],"id":"29b5a6ed-5225-4303-b815-44ee0110a7fd","text":"Verify request response code is 400 and contains \"wrong latitude\" message"}],"tags":[],"astNodeIds":["959607f0-ae06-4e1f-970a-cfcc11e6a91e"]}}
{"pickle":{"id":"9bdf2121-73ac-4972-8e27-b07b8483b74a","uri":"file:///Users/jatnag/Documents/LunarTest/src/test/resources/features/weathertest.feature","name":"Validate error on requesting weather details based on the valid String latitude but with valid longitude","language":"en","steps":[{"astNodeIds":["1d7e3aa9-c3f5-48d3-ba2e-fe0581731e7f"],"id":"a5c64cbe-0a41-45ac-8217-eaf51433761f","text":"User makes request to get weather details by \"35\" latitude and \"367jk675\" longitude"},{"astNodeIds":["ff41a059-e22c-4456-98a5-981e07d117ed"],"id":"cd5361ba-8fed-438a-8869-cf781508f7ba","text":"Verify request response code is 400 and contains \"wrong longitude\" message"}],"tags":[],"astNodeIds":["daf4707f-4412-4d40-b1c0-a2cb0385ceb5"]}}
{"testRunFinished":{"success":true,"timestamp":{"seconds":1648572408,"nanos":184142000}}}
]]></system-out>
  <system-err><![CDATA[┌───────────────────────────────────────────────────────────────────────────────────┐
│ Share your Cucumber Report with your team at https://reports.cucumber.io          │
│ Activate publishing with one of the following:                                    │
│                                                                                   │
│ src/test/resources/cucumber.properties:          cucumber.publish.enabled=true    │
│ src/test/resources/junit-platform.properties:    cucumber.publish.enabled=true    │
│ Environment variable:                            CUCUMBER_PUBLISH_ENABLED=true    │
│ JUnit:                                           @CucumberOptions(publish = true) │
│                                                                                   │
│ More information at https://cucumber.io/docs/cucumber/environment-variables/      │
│                                                                                   │
│ Disable this message with one of the following:                                   │
│                                                                                   │
│ src/test/resources/cucumber.properties:          cucumber.publish.quiet=true      │
│ src/test/resources/junit-platform.properties:    cucumber.publish.quiet=true      │
└───────────────────────────────────────────────────────────────────────────────────┘
]]></system-err>
</testsuite>
